[17:53:29] - MODULE - Module cool successfully loaded.
[17:53:29] - MODULE - Module command successfully loaded.
[17:53:29] - MODULE - Module whoison successfully loaded.
[17:53:29] Modules loaded.
[17:53:45] - MODULE - Module cool successfully loaded.
[17:53:45] - MODULE - Module command successfully loaded.
[17:53:45] - MODULE - Module radionomy successfully loaded.
[17:53:45] Modules loaded.
[17:54:5] - MODULE - Module whoison successfully loaded.
[17:54:5] - MODULE - Module command successfully loaded.
[17:54:5] - MODULE - Module radionomy successfully loaded.
[17:54:5] Modules loaded.
[17:54:15] - MODULE - Module whoison successfully loaded.
[17:54:15] - MODULE - Module command successfully loaded.
[17:54:15] - MODULE - Module radionomy successfully loaded.
[17:54:15] - MODULE - Module cool successfully loaded.
[17:54:15] Modules loaded.
[17:54:22] - MODULE - Module whoison successfully loaded.
[17:54:22] - MODULE - Module command successfully loaded.
[17:54:22] - MODULE - Module radionomy successfully loaded.
[17:54:22] - MODULE - Module cool successfully loaded.
[17:54:22] Modules loaded.
[17:54:34] - MODULE - Module whoison successfully loaded.
[17:54:34] - MODULE - Module command successfully loaded.
[17:54:34] - MODULE - Module radionomy successfully loaded.
[17:54:34] - MODULE - Module cool successfully loaded.
[17:54:34] Modules loaded.
[17:54:49] - MODULE - Module whoison successfully loaded.
[17:54:49] - MODULE - Module command successfully loaded.
[17:54:49] - MODULE - Module radionomy successfully loaded.
[17:54:49] - MODULE - Module cool successfully loaded.
[17:54:49] Modules loaded.
[17:54:59] - MODULE - Module whoison successfully loaded.
[17:54:59] - MODULE - Module command successfully loaded.
[17:54:59] - MODULE - Module radionomy successfully loaded.
[17:54:59] - MODULE - Module cool successfully loaded.
[17:54:59] Modules loaded.
[17:56:2] - MODULE - Module command successfully loaded.
[17:56:2] - MODULE - Module radionomy successfully loaded.
[17:56:2] - MODULE - Module cool successfully loaded.
[17:56:2] - MODULE - Module whoison successfully loaded.
[17:56:2] Modules loaded.
[17:57:6] - MODULE - Module command successfully loaded.
[17:57:6] - MODULE - Module radionomy successfully loaded.
[17:57:6] - MODULE - Module cool successfully loaded.
[17:57:6] - MODULE - Module whoison successfully loaded.
[17:57:6] Modules loaded.
[17:59:36] - MODULE - Module command successfully loaded.
[17:59:36] - MODULE - Module radionomy successfully loaded.
[17:59:36] - MODULE - Module cool successfully loaded.
[17:59:36] - MODULE - Module whoison successfully loaded.
[17:59:36] Modules loaded.
[18:0:47] - MODULE - Module command successfully loaded.
[18:0:47] - MODULE - Module radionomy successfully loaded.
[18:0:47] - MODULE - Module whoison successfully loaded.
[18:0:47] - MODULE - Module cool successfully loaded.
[18:0:47] Modules loaded.
[18:1:5] - MODULE - Module whoison successfully loaded.
[18:1:6] - MODULE - Module cool successfully loaded.
[18:1:6] - MODULE - Module command successfully loaded.
[18:1:6] - MODULE - Module radionomy successfully loaded.
[18:1:6] Modules loaded.
[18:1:24] - MODULE - Module whoison successfully loaded.
[18:1:24] - MODULE - Module cool successfully loaded.
[18:1:24] - MODULE - Module command successfully loaded.
[18:1:24] - MODULE - Module radionomy successfully loaded.
[18:1:24] Modules loaded.
[18:5:53] - MODULE - Module whoison successfully loaded.
[18:5:53] - MODULE - Module cool successfully loaded.
[18:5:53] - MODULE - Module command successfully loaded.
[18:5:53] - MODULE - Module radionomy successfully loaded.
[18:5:53] Modules loaded.
[18:5:59] - MODULE - Module whoison successfully loaded.
[18:5:59] - MODULE - Module cool successfully loaded.
[18:5:59] - MODULE - Module command successfully loaded.
[18:5:59] - MODULE - Module radionomy successfully loaded.
[18:5:59] Modules loaded.
[18:6:25] - MODULE - Module whoison successfully loaded.
[18:6:25] - MODULE - Module cool successfully loaded.
[18:6:25] - MODULE - Module command successfully loaded.
[18:6:25] - MODULE - Module radionomy successfully loaded.
[18:6:25] Modules loaded.
[18:6:56] - MODULE - Module whoison successfully loaded.
[18:6:57] - MODULE - Module cool successfully loaded.
[18:6:57] - MODULE - Module command successfully loaded.
[18:6:57] - MODULE - Module radionomy successfully loaded.
[18:6:57] Modules loaded.
[18:7:23] - MODULE - Module whoison successfully loaded.
[18:7:23] - MODULE - Module cool successfully loaded.
[18:7:23] - MODULE - Module command successfully loaded.
[18:7:23] - MODULE - Module radionomy successfully loaded.
[18:7:23] Modules loaded.
[18:8:46] - MODULE - Module whoison successfully loaded.
[18:8:46] - MODULE - Module cool successfully loaded.
[18:8:46] - MODULE - Module command successfully loaded.
[18:8:46] - MODULE - Module radionomy successfully loaded.
[18:8:46] Modules loaded.
[18:9:6] - MODULE - Module whoison successfully loaded.
[18:9:7] - MODULE - Module cool successfully loaded.
[18:9:7] - MODULE - Module command successfully loaded.
[18:9:7] - MODULE - Module radionomy successfully loaded.
[18:9:7] Modules loaded.
[18:10:15] - MODULE - Module whoison successfully loaded.
[18:10:16] - MODULE - Module cool successfully loaded.
[18:10:16] - MODULE - Module command successfully loaded.
[18:10:16] - MODULE - Module radionomy successfully loaded.
[18:10:16] Modules loaded.
[18:12:17] - MODULE - Module whoison successfully loaded.
[18:12:18] - MODULE - Module cool successfully loaded.
[18:12:18] - MODULE - Module command successfully loaded.
[18:12:18] - MODULE - Module radionomy successfully loaded.
[18:12:18] Modules loaded.
[18:12:33] - MODULE - Module whoison successfully loaded.
[18:12:33] - MODULE - Module cool successfully loaded.
[18:12:33] - MODULE - Module command successfully loaded.
[18:12:33] - MODULE - Module radionomy successfully loaded.
[18:12:33] Modules loaded.
[14:5:4] - MODULE - Module whoison successfully loaded.
[14:5:4] - MODULE - Module cool successfully loaded.
[14:5:4] - MODULE - Module command successfully loaded.
[14:5:4] - MODULE - Module radionomy successfully loaded.
[14:5:4] Modules loaded.
[14:8:23] - MODULE - Module whoison successfully loaded.
[14:8:23] - MODULE - Module cool successfully loaded.
[14:8:23] - MODULE - Module command successfully loaded.
[14:8:23] - MODULE - Module radionomy successfully loaded.
[14:8:23] - MODULE - Module ircz successfully loaded.
[14:8:23] Modules loaded.
[14:11:26] - MODULE - Module whoison successfully loaded.
[14:11:26] - MODULE - Module cool successfully loaded.
[14:11:26] - MODULE - Module command successfully loaded.
[14:11:26] - MODULE - Module radionomy successfully loaded.
[14:11:26] - MODULE - Module ircz successfully loaded.
[14:11:26] Modules loaded.
[14:12:57] - MODULE - Module whoison successfully loaded.
[14:12:57] - MODULE - Module cool successfully loaded.
[14:12:57] - MODULE - Module command successfully loaded.
[14:12:57] - MODULE - Module radionomy successfully loaded.
[14:12:57] - MODULE - Module ircz successfully loaded.
[14:12:57] Modules loaded.
[14:15:44] - MODULE - Module whoison successfully loaded.
[14:15:44] - MODULE - Module cool successfully loaded.
[14:15:44] - MODULE - Module command successfully loaded.
[14:15:44] - MODULE - Module radionomy successfully loaded.
[14:15:44] - MODULE - Module ircz successfully loaded.
[14:15:44] Modules loaded.
[14:17:47] - MODULE - Module whoison successfully loaded.
[14:17:47] - MODULE - Module cool successfully loaded.
[14:17:47] - MODULE - Module command successfully loaded.
[14:17:47] - MODULE - Module radionomy successfully loaded.
[14:17:47] - MODULE - Module ircz successfully loaded.
[14:17:47] Modules loaded.
[14:19:0] - MODULE - Module whoison successfully loaded.
[14:19:0] - MODULE - Module cool successfully loaded.
[14:19:0] - MODULE - Module command successfully loaded.
[14:19:0] - MODULE - Module radionomy successfully loaded.
[14:19:0] - MODULE - Module ircz successfully loaded.
[14:19:0] Modules loaded.
[17:36:14] - MODULE - Module whoison successfully loaded.
[17:36:14] - MODULE - Module cool successfully loaded.
[17:36:14] - MODULE - Module command successfully loaded.
[17:36:14] - MODULE - Module radionomy successfully loaded.
[17:36:14] - MODULE - Module ircz successfully loaded.
[17:36:14] Modules loaded.
[17:36:52] - MODULE - Module whoison successfully loaded.
[17:36:52] - MODULE - Module cool successfully loaded.
[17:36:52] - MODULE - Module command successfully loaded.
[17:36:52] - MODULE - Module radionomy successfully loaded.
[17:36:52] - MODULE - Module ircz successfully loaded.
[17:36:52] Modules loaded.
[17:37:19] - MODULE - Module whoison successfully loaded.
[17:37:19] - MODULE - Module cool successfully loaded.
[17:37:19] - MODULE - Module command successfully loaded.
[17:37:19] - MODULE - Module radionomy successfully loaded.
[17:37:19] - MODULE - Module ircz successfully loaded.
[17:37:19] Modules loaded.
[17:39:40] - MODULE - Module whoison successfully loaded.
[17:39:40] - MODULE - Module cool successfully loaded.
[17:39:40] - MODULE - Module command successfully loaded.
[17:39:40] - MODULE - Module radionomy successfully loaded.
[17:39:40] - MODULE - Module ircz successfully loaded.
[17:39:40] Modules loaded.
[17:40:41] - MODULE - Module whoison successfully loaded.
[17:40:41] - MODULE - Module cool successfully loaded.
[17:40:41] - MODULE - Module command successfully loaded.
[17:40:41] - MODULE - Module radionomy successfully loaded.
[17:40:41] - MODULE - Module ircz successfully loaded.
[17:40:41] Modules loaded.
[17:42:51] - MODULE - Module whoison successfully loaded.
[17:42:51] - MODULE - Module cool successfully loaded.
[17:42:51] - MODULE - Module command successfully loaded.
[17:42:52] - MODULE - Module radionomy successfully loaded.
[17:42:52] - MODULE - Module ircz successfully loaded.
[17:42:52] Modules loaded.
[17:44:20] - MODULE - Module whoison successfully loaded.
[17:44:21] - MODULE - Module cool successfully loaded.
[17:44:21] - MODULE - Module command successfully loaded.
[17:44:21] - MODULE - Module radionomy successfully loaded.
[17:44:21] - MODULE - Module ircz successfully loaded.
[17:44:21] Modules loaded.
[17:49:17] - MODULE - Module whoison successfully loaded.
[17:49:17] - MODULE - Module cool successfully loaded.
[17:49:17] - MODULE - Module command successfully loaded.
[17:49:17] - MODULE - Module radionomy successfully loaded.
[17:49:17] - MODULE - Module ircz successfully loaded.
[17:49:17] Modules loaded.
[17:49:43] - MODULE - Module whoison successfully loaded.
[17:49:43] - MODULE - Module cool successfully loaded.
[17:49:43] - MODULE - Module command successfully loaded.
[17:49:43] - MODULE - Module radionomy successfully loaded.
[17:49:43] - MODULE - Module ircz successfully loaded.
[17:49:43] Modules loaded.
[17:49:58] - MODULE - Module whoison successfully loaded.
[17:49:58] - MODULE - Module cool successfully loaded.
[17:49:58] - MODULE - Module command successfully loaded.
[17:49:58] - MODULE - Module radionomy successfully loaded.
[17:49:58] - MODULE - Module ircz successfully loaded.
[17:49:58] Modules loaded.
[17:51:24] - MODULE - Module whoison successfully loaded.
[17:51:24] - MODULE - Module cool successfully loaded.
[17:51:24] - MODULE - Module command successfully loaded.
[17:51:24] - MODULE - Module radionomy successfully loaded.
[17:51:24] - MODULE - Module ircz successfully loaded.
[17:51:24] Modules loaded.
[17:58:50] - MODULE - Module whoison successfully loaded.
[17:58:50] - MODULE - Module cool successfully loaded.
[17:58:51] - MODULE - Module command successfully loaded.
[17:58:51] - MODULE - Module radionomy successfully loaded.
[17:58:51] - MODULE - Module ircz successfully loaded.
[17:58:51] Modules loaded.
[18:1:35] - MODULE - Module whoison successfully loaded.
[18:1:35] - MODULE - Module cool successfully loaded.
[18:1:35] - MODULE - Module command successfully loaded.
[18:1:35] - MODULE - Module radionomy successfully loaded.
[18:1:35] - MODULE - Module ircz successfully loaded.
[18:1:35] Modules loaded.
[18:4:18] - MODULE - Module whoison successfully loaded.
[18:4:18] - MODULE - Module cool successfully loaded.
[18:4:18] - MODULE - Module command successfully loaded.
[18:4:18] - MODULE - Module radionomy successfully loaded.
[18:4:18] - MODULE - Module ircz successfully loaded.
[18:4:18] Modules loaded.
[21:31:49] - MODULE - Module whoison successfully loaded.
[21:31:49] - MODULE - Module cool successfully loaded.
[21:31:49] - MODULE - Module command successfully loaded.
[21:31:49] - MODULE - Module radionomy successfully loaded.
[21:31:49] - MODULE - Module ircz successfully loaded.
[21:31:49] Modules loaded.
[21:34:45] - MODULE - Module whoison successfully loaded.
[21:34:45] - MODULE - Module cool successfully loaded.
[21:34:45] - MODULE - Module command successfully loaded.
[21:34:45] - MODULE - Module radionomy successfully loaded.
[21:34:45] - MODULE - Module ircz successfully loaded.
[21:34:45] Modules loaded.
[21:35:31] - MODULE - Module whoison successfully loaded.
[21:35:31] - MODULE - Module cool successfully loaded.
[21:35:31] - MODULE - Module command successfully loaded.
[21:35:31] - MODULE - Module radionomy successfully loaded.
[21:35:31] - MODULE - Module ircz successfully loaded.
[21:35:31] Modules loaded.
[21:36:5] - MODULE - Module whoison successfully loaded.
[21:36:5] - MODULE - Module cool successfully loaded.
[21:36:5] - MODULE - Module command successfully loaded.
[21:36:5] - MODULE - Module radionomy successfully loaded.
[21:36:5] - MODULE - Module ircz successfully loaded.
[21:36:5] Modules loaded.
[21:37:49] - MODULE - Module whoison successfully loaded.
[21:37:49] - MODULE - Module cool successfully loaded.
[21:37:49] - MODULE - Module command successfully loaded.
[21:37:49] - MODULE - Module radionomy successfully loaded.
[21:37:49] - MODULE - Module ircz successfully loaded.
[21:37:49] Modules loaded.
[21:51:15] - MODULE - Module whoison successfully loaded.
[21:51:15] - MODULE - Module cool successfully loaded.
[21:51:15] - MODULE - Module command successfully loaded.
[21:51:15] - MODULE - Module radionomy successfully loaded.
[21:51:15] - MODULE - Module ircz successfully loaded.
[21:51:15] Modules loaded.
[0:40:58] - MODULE - Module whoison successfully loaded.
[0:40:58] - MODULE - Module cool successfully loaded.
[0:40:58] - MODULE - Module command successfully loaded.
[0:40:58] - MODULE - Module radionomy successfully loaded.
[0:40:59] - MODULE - Module ircz successfully loaded.
[0:40:59] Modules loaded.
[16:3:50] - MODULE - Module whoison successfully loaded.
[16:3:50] - MODULE - Module cool successfully loaded.
[16:3:50] - MODULE - Module command successfully loaded.
[16:3:51] - MODULE - Module radionomy successfully loaded.
[16:3:51] - MODULE - Module ircz successfully loaded.
[16:3:51] Modules loaded.
[16:5:41] - MODULE - Module whoison successfully loaded.
[16:5:41] - MODULE - Module cool successfully loaded.
[16:5:41] - MODULE - Module command successfully loaded.
[16:5:41] - MODULE - Module radionomy successfully loaded.
[16:5:41] - MODULE - Module ircz successfully loaded.
[16:5:41] Modules loaded.
[19:46:24] - MODULE - Module whoison successfully loaded.
[19:46:24] - MODULE - Module cool successfully loaded.
[19:46:24] - MODULE - Module command successfully loaded.
[19:46:24] - MODULE - Module radionomy successfully loaded.
[19:46:24] - MODULE - Module ircz successfully loaded.
[19:46:24] Modules loaded.
[19:47:10] - MODULE - Module whoison successfully loaded.
[19:47:10] - MODULE - Module cool successfully loaded.
[19:47:10] - MODULE - Module command successfully loaded.
[19:47:10] - MODULE - Module radionomy successfully loaded.
[19:47:10] - MODULE - Module ircz successfully loaded.
[19:47:10] Modules loaded.
